1
0
1
ASSEMBLY
1
PART-1-1
PART-1
1
PART-1-1
21
1 1
2 2
3 3
4 4
5 5
6 6
7 7
8 8
9 9
10 10
11 11
12 12
13 13
14 14
15 15
16 16
17 17
18 18
19 19
20 20
21 21
1 1
2 2
3 3
4 4
5 5
6 6
7 7
8 8
9 9
10 10
11 11
12 12
13 13
14 14
15 15
16 16
17 17
18 18
19 19
20 20
21 21
0
1
PART-1-1
20
1 1
2 2
3 3
4 4
5 5
6 6
7 7
8 8
9 9
10 10
11 11
12 12
13 13
14 14
15 15
16 16
17 17
18 18
19 19
20 20
1 1
2 2
3 3
4 4
5 5
6 6
7 7
8 8
9 9
10 10
11 11
12 12
13 13
14 14
15 15
16 16
17 17
18 18
19 19
20 20
0
0
1
PART-1-1
1
_PICKEDSET16
0
2
20
1 2 3 4 5 6 7 8 9 10 11 12 13 14 15 16 17 18 19 20 
0
0
0
3
_PICKEDSET13
0
2
0
1
PART-1-1
1
2 
0
_PICKEDSET14
0
2
0
1
PART-1-1
1
1 
0
_PICKEDSET15
0
2
0
1
PART-1-1
1
3 
0
1
PART-1-1
1
_PICKEDSET16
0
2
21
1 2 3 4 5 6 7 8 9 10 11 12 13 14 15 16 17 18 19 20 21 
0
0
0
0
0
