1
0
1
ASSEMBLY
1
PART-1-1
PART-1
1
PART-1-1
13
1 1
2 2
3 3
4 4
5 5
6 6
7 7
8 8
9 9
10 10
11 11
12 12
13 13
1 1
2 2
3 3
4 4
5 5
6 6
7 7
8 8
9 9
10 10
11 11
12 12
13 13
0
1
PART-1-1
12
1 1
2 2
3 3
4 4
5 5
6 6
7 7
8 8
9 9
10 10
11 11
12 12
1 1
2 2
3 3
4 4
5 5
6 6
7 7
8 8
9 9
10 10
11 11
12 12
0
0
1
PART-1-1
2
SET-1
0
1
12
1 2 3 4 5 6 7 8 9 10 11 12 
0
0
SET-3
0
1
12
1 2 3 4 5 6 7 8 9 10 11 12 
0
0
0
3
SET-1
0
1
0
1
PART-1-1
1
1 
0
SET-2
0
1
0
1
PART-1-1
1
3 
0
SET-3
0
1
0
1
PART-1-1
1
2 
0
1
PART-1-1
2
SET-1
0
1
13
1 2 3 4 5 6 7 8 9 10 11 12 13 
0
0
SET-3
0
1
13
1 2 3 4 5 6 7 8 9 10 11 12 13 
0
0
0
0
0
