1
0
1
ASSEMBLY
1
TRUSS-1
TRUSS
1
TRUSS-1
10
1 1
2 2
3 3
4 4
5 5
6 6
7 7
8 8
9 9
10 10
1 1
2 2
3 3
4 4
5 5
6 6
7 7
8 8
9 9
10 10
0
1
TRUSS-1
17
1 1
2 2
3 3
4 4
5 5
6 6
7 7
8 8
9 9
10 10
11 11
12 12
13 13
14 14
15 15
16 16
17 17
1 1
2 2
3 3
4 4
5 5
6 6
7 7
8 8
9 9
10 10
11 11
12 12
13 13
14 14
15 15
16 16
17 17
0
0
1
TRUSS-1
1
TRUSS
0
1
17
1 2 3 4 5 6 7 8 9 10 11 12 13 14 15 16 17 
0
0
0
2
BCSET
0
1
0
1
TRUSS-1
2
2 9 
0
FORCESET
0
1
0
1
TRUSS-1
3
1 5 6 
0
1
TRUSS-1
1
TRUSS
0
1
10
1 2 3 4 5 6 7 8 9 10 
0
0
0
0
0
